[0.162s] DEBUG:colcon:Command line arguments: ['/usr/bin/colcon', 'list', '-n']
[0.162s] DEBUG:colcon:Parsed command line arguments: Namespace(base_paths=['.'], build_base='build', ignore_user_meta=False, log_base=None, log_level=None, main=<bound method ListVerb.main of <colcon_package_information.verb.list.ListVerb object at 0x7ff029e61d90>>, metas=['./colcon.meta'], mixin=None, mixin_files=None, mixin_verb=('list',), names_only=True, packages_above=None, packages_above_and_dependencies=None, packages_above_depth=None, packages_end=None, packages_ignore=None, packages_ignore_regex=None, packages_select=None, packages_select_build_failed=False, packages_select_by_dep=None, packages_select_regex=None, packages_select_test_failures=False, packages_skip=None, packages_skip_build_finished=False, packages_skip_by_dep=None, packages_skip_regex=None, packages_skip_test_passed=False, packages_skip_up_to=None, packages_start=None, packages_up_to=None, packages_up_to_regex=None, paths=None, paths_only=False, topological_graph=False, topological_graph_density=False, topological_graph_dot=False, topological_graph_dot_cluster=False, topological_graph_dot_include_skipped=False, topological_graph_legend=False, topological_order=False, verb_extension=<colcon_package_information.verb.list.ListVerb object at 0x7ff029e61d90>, verb_name='list', verb_parser=<colcon_mixin.mixin.mixin_argument.MixinArgumentDecorator object at 0x7ff029d7b730>)
[0.196s] Level 1:colcon.colcon_core.package_discovery:discover_packages(colcon_meta) check parameters
[0.197s] Level 1:colcon.colcon_core.package_discovery:discover_packages(recursive) check parameters
[0.197s] Level 1:colcon.colcon_core.package_discovery:discover_packages(ignore) check parameters
[0.197s] Level 1:colcon.colcon_core.package_discovery:discover_packages(path) check parameters
[0.197s] Level 1:colcon.colcon_core.package_discovery:discover_packages(colcon_meta) discover
[0.197s] Level 1:colcon.colcon_core.package_discovery:discover_packages(recursive) discover
[0.197s] INFO:colcon.colcon_core.package_discovery:Crawling recursively for packages in '/home/aman/Documents/GitHub/f18-env'
[0.197s] Level 1:colcon.colcon_core.package_identification:_identify(.) by extensions ['ignore', 'ignore_ament_install']
[0.197s] Level 1:colcon.colcon_core.package_identification:_identify(.) by extension 'ignore'
[0.197s] Level 1:colcon.colcon_core.package_identification:_identify(.) by extension 'ignore_ament_install'
[0.197s] Level 1:colcon.colcon_core.package_identification:_identify(.) by extensions ['colcon_pkg']
[0.197s] Level 1:colcon.colcon_core.package_identification:_identify(.) by extension 'colcon_pkg'
[0.198s] Level 1:colcon.colcon_core.package_identification:_identify(.) by extensions ['colcon_meta']
[0.198s] Level 1:colcon.colcon_core.package_identification:_identify(.) by extension 'colcon_meta'
[0.198s] Level 1:colcon.colcon_core.package_identification:_identify(.) by extensions ['ros']
[0.198s] Level 1:colcon.colcon_core.package_identification:_identify(.) by extension 'ros'
[0.211s] Level 1:colcon.colcon_core.package_identification:_identify(.) by extensions ['cmake', 'python']
[0.211s] Level 1:colcon.colcon_core.package_identification:_identify(.) by extension 'cmake'
[0.211s] Level 1:colcon.colcon_core.package_identification:_identify(.) by extension 'python'
[0.211s] Level 1:colcon.colcon_core.package_identification:_identify(.) by extensions ['python_setup_py']
[0.211s] Level 1:colcon.colcon_core.package_identification:_identify(.) by extension 'python_setup_py'
[0.211s] Level 1:colcon.colcon_core.package_identification:_identify(Cpp-env) by extensions ['ignore', 'ignore_ament_install']
[0.212s] Level 1:colcon.colcon_core.package_identification:_identify(Cpp-env) by extension 'ignore'
[0.212s] Level 1:colcon.colcon_core.package_identification:_identify(Cpp-env) by extension 'ignore_ament_install'
[0.212s] Level 1:colcon.colcon_core.package_identification:_identify(Cpp-env) by extensions ['colcon_pkg']
[0.212s] Level 1:colcon.colcon_core.package_identification:_identify(Cpp-env) by extension 'colcon_pkg'
[0.212s] Level 1:colcon.colcon_core.package_identification:_identify(Cpp-env) by extensions ['colcon_meta']
[0.212s] Level 1:colcon.colcon_core.package_identification:_identify(Cpp-env) by extension 'colcon_meta'
[0.212s] Level 1:colcon.colcon_core.package_identification:_identify(Cpp-env) by extensions ['ros']
[0.212s] Level 1:colcon.colcon_core.package_identification:_identify(Cpp-env) by extension 'ros'
[0.212s] Level 1:colcon.colcon_core.package_identification:_identify(Cpp-env) by extensions ['cmake', 'python']
[0.212s] Level 1:colcon.colcon_core.package_identification:_identify(Cpp-env) by extension 'cmake'
[0.212s] Level 1:colcon.colcon_core.package_identification:_identify(Cpp-env) by extension 'python'
[0.212s] Level 1:colcon.colcon_core.package_identification:_identify(Cpp-env) by extensions ['python_setup_py']
[0.212s] Level 1:colcon.colcon_core.package_identification:_identify(Cpp-env) by extension 'python_setup_py'
[0.213s] Level 1:colcon.colcon_core.package_identification:_identify(Cpp-env/build) by extensions ['ignore', 'ignore_ament_install']
[0.213s] Level 1:colcon.colcon_core.package_identification:_identify(Cpp-env/build) by extension 'ignore'
[0.213s] Level 1:colcon.colcon_core.package_identification:_identify(Cpp-env/build) by extension 'ignore_ament_install'
[0.213s] Level 1:colcon.colcon_core.package_identification:_identify(Cpp-env/build) by extensions ['colcon_pkg']
[0.213s] Level 1:colcon.colcon_core.package_identification:_identify(Cpp-env/build) by extension 'colcon_pkg'
[0.213s] Level 1:colcon.colcon_core.package_identification:_identify(Cpp-env/build) by extensions ['colcon_meta']
[0.213s] Level 1:colcon.colcon_core.package_identification:_identify(Cpp-env/build) by extension 'colcon_meta'
[0.213s] Level 1:colcon.colcon_core.package_identification:_identify(Cpp-env/build) by extensions ['ros']
[0.213s] Level 1:colcon.colcon_core.package_identification:_identify(Cpp-env/build) by extension 'ros'
[0.213s] Level 1:colcon.colcon_core.package_identification:_identify(Cpp-env/build) by extensions ['cmake', 'python']
[0.213s] Level 1:colcon.colcon_core.package_identification:_identify(Cpp-env/build) by extension 'cmake'
[0.213s] Level 1:colcon.colcon_core.package_identification:_identify(Cpp-env/build) by extension 'python'
[0.213s] Level 1:colcon.colcon_core.package_identification:_identify(Cpp-env/build) by extensions ['python_setup_py']
[0.213s] Level 1:colcon.colcon_core.package_identification:_identify(Cpp-env/build) by extension 'python_setup_py'
[0.213s] Level 1:colcon.colcon_core.package_identification:_identify(Cpp-env/fdm) by extensions ['ignore', 'ignore_ament_install']
[0.214s] Level 1:colcon.colcon_core.package_identification:_identify(Cpp-env/fdm) by extension 'ignore'
[0.214s] Level 1:colcon.colcon_core.package_identification:_identify(Cpp-env/fdm) by extension 'ignore_ament_install'
[0.214s] Level 1:colcon.colcon_core.package_identification:_identify(Cpp-env/fdm) by extensions ['colcon_pkg']
[0.214s] Level 1:colcon.colcon_core.package_identification:_identify(Cpp-env/fdm) by extension 'colcon_pkg'
[0.215s] Level 1:colcon.colcon_core.package_identification:_identify(Cpp-env/fdm) by extensions ['colcon_meta']
[0.215s] Level 1:colcon.colcon_core.package_identification:_identify(Cpp-env/fdm) by extension 'colcon_meta'
[0.215s] Level 1:colcon.colcon_core.package_identification:_identify(Cpp-env/fdm) by extensions ['ros']
[0.215s] Level 1:colcon.colcon_core.package_identification:_identify(Cpp-env/fdm) by extension 'ros'
[0.215s] Level 1:colcon.colcon_core.package_identification:_identify(Cpp-env/fdm) by extensions ['cmake', 'python']
[0.215s] Level 1:colcon.colcon_core.package_identification:_identify(Cpp-env/fdm) by extension 'cmake'
[0.215s] Level 1:colcon.colcon_core.package_identification:_identify(Cpp-env/fdm) by extension 'python'
[0.216s] Level 1:colcon.colcon_core.package_identification:_identify(Cpp-env/fdm) by extensions ['python_setup_py']
[0.216s] Level 1:colcon.colcon_core.package_identification:_identify(Cpp-env/fdm) by extension 'python_setup_py'
[0.216s] Level 1:colcon.colcon_core.package_identification:_identify(Cpp-env/fdm/lib) by extensions ['ignore', 'ignore_ament_install']
[0.216s] Level 1:colcon.colcon_core.package_identification:_identify(Cpp-env/fdm/lib) by extension 'ignore'
[0.217s] Level 1:colcon.colcon_core.package_identification:_identify(Cpp-env/fdm/lib) by extension 'ignore_ament_install'
[0.217s] Level 1:colcon.colcon_core.package_identification:_identify(Cpp-env/fdm/lib) by extensions ['colcon_pkg']
[0.217s] Level 1:colcon.colcon_core.package_identification:_identify(Cpp-env/fdm/lib) by extension 'colcon_pkg'
[0.217s] Level 1:colcon.colcon_core.package_identification:_identify(Cpp-env/fdm/lib) by extensions ['colcon_meta']
[0.217s] Level 1:colcon.colcon_core.package_identification:_identify(Cpp-env/fdm/lib) by extension 'colcon_meta'
[0.217s] Level 1:colcon.colcon_core.package_identification:_identify(Cpp-env/fdm/lib) by extensions ['ros']
[0.217s] Level 1:colcon.colcon_core.package_identification:_identify(Cpp-env/fdm/lib) by extension 'ros'
[0.217s] Level 1:colcon.colcon_core.package_identification:_identify(Cpp-env/fdm/lib) by extensions ['cmake', 'python']
[0.217s] Level 1:colcon.colcon_core.package_identification:_identify(Cpp-env/fdm/lib) by extension 'cmake'
[0.217s] Level 1:colcon.colcon_core.package_identification:_identify(Cpp-env/fdm/lib) by extension 'python'
[0.217s] Level 1:colcon.colcon_core.package_identification:_identify(Cpp-env/fdm/lib) by extensions ['python_setup_py']
[0.217s] Level 1:colcon.colcon_core.package_identification:_identify(Cpp-env/fdm/lib) by extension 'python_setup_py'
[0.217s] Level 1:colcon.colcon_core.package_identification:_identify(Cpp-env/fdm/lib/Aerodata) by extensions ['ignore', 'ignore_ament_install']
[0.217s] Level 1:colcon.colcon_core.package_identification:_identify(Cpp-env/fdm/lib/Aerodata) by extension 'ignore'
[0.218s] Level 1:colcon.colcon_core.package_identification:_identify(Cpp-env/fdm/lib/Aerodata) by extension 'ignore_ament_install'
[0.218s] Level 1:colcon.colcon_core.package_identification:_identify(Cpp-env/fdm/lib/Aerodata) by extensions ['colcon_pkg']
[0.218s] Level 1:colcon.colcon_core.package_identification:_identify(Cpp-env/fdm/lib/Aerodata) by extension 'colcon_pkg'
[0.218s] Level 1:colcon.colcon_core.package_identification:_identify(Cpp-env/fdm/lib/Aerodata) by extensions ['colcon_meta']
[0.218s] Level 1:colcon.colcon_core.package_identification:_identify(Cpp-env/fdm/lib/Aerodata) by extension 'colcon_meta'
[0.218s] Level 1:colcon.colcon_core.package_identification:_identify(Cpp-env/fdm/lib/Aerodata) by extensions ['ros']
[0.218s] Level 1:colcon.colcon_core.package_identification:_identify(Cpp-env/fdm/lib/Aerodata) by extension 'ros'
[0.218s] Level 1:colcon.colcon_core.package_identification:_identify(Cpp-env/fdm/lib/Aerodata) by extensions ['cmake', 'python']
[0.218s] Level 1:colcon.colcon_core.package_identification:_identify(Cpp-env/fdm/lib/Aerodata) by extension 'cmake'
[0.218s] Level 1:colcon.colcon_core.package_identification:_identify(Cpp-env/fdm/lib/Aerodata) by extension 'python'
[0.218s] Level 1:colcon.colcon_core.package_identification:_identify(Cpp-env/fdm/lib/Aerodata) by extensions ['python_setup_py']
[0.218s] Level 1:colcon.colcon_core.package_identification:_identify(Cpp-env/fdm/lib/Aerodata) by extension 'python_setup_py'
[0.218s] Level 1:colcon.colcon_core.package_identification:_identify(Cpp-env/fdm/lib/Aerodata/examples) by extensions ['ignore', 'ignore_ament_install']
[0.218s] Level 1:colcon.colcon_core.package_identification:_identify(Cpp-env/fdm/lib/Aerodata/examples) by extension 'ignore'
[0.218s] Level 1:colcon.colcon_core.package_identification:_identify(Cpp-env/fdm/lib/Aerodata/examples) by extension 'ignore_ament_install'
[0.218s] Level 1:colcon.colcon_core.package_identification:_identify(Cpp-env/fdm/lib/Aerodata/examples) by extensions ['colcon_pkg']
[0.218s] Level 1:colcon.colcon_core.package_identification:_identify(Cpp-env/fdm/lib/Aerodata/examples) by extension 'colcon_pkg'
[0.218s] Level 1:colcon.colcon_core.package_identification:_identify(Cpp-env/fdm/lib/Aerodata/examples) by extensions ['colcon_meta']
[0.218s] Level 1:colcon.colcon_core.package_identification:_identify(Cpp-env/fdm/lib/Aerodata/examples) by extension 'colcon_meta'
[0.219s] Level 1:colcon.colcon_core.package_identification:_identify(Cpp-env/fdm/lib/Aerodata/examples) by extensions ['ros']
[0.219s] Level 1:colcon.colcon_core.package_identification:_identify(Cpp-env/fdm/lib/Aerodata/examples) by extension 'ros'
[0.219s] Level 1:colcon.colcon_core.package_identification:_identify(Cpp-env/fdm/lib/Aerodata/examples) by extensions ['cmake', 'python']
[0.219s] Level 1:colcon.colcon_core.package_identification:_identify(Cpp-env/fdm/lib/Aerodata/examples) by extension 'cmake'
[0.219s] Level 1:colcon.colcon_core.package_identification:_identify(Cpp-env/fdm/lib/Aerodata/examples) by extension 'python'
[0.219s] Level 1:colcon.colcon_core.package_identification:_identify(Cpp-env/fdm/lib/Aerodata/examples) by extensions ['python_setup_py']
[0.219s] Level 1:colcon.colcon_core.package_identification:_identify(Cpp-env/fdm/lib/Aerodata/examples) by extension 'python_setup_py'
[0.219s] Level 1:colcon.colcon_core.package_identification:_identify(Cpp-env/fdm/lib/Aerodata/html) by extensions ['ignore', 'ignore_ament_install']
[0.219s] Level 1:colcon.colcon_core.package_identification:_identify(Cpp-env/fdm/lib/Aerodata/html) by extension 'ignore'
[0.219s] Level 1:colcon.colcon_core.package_identification:_identify(Cpp-env/fdm/lib/Aerodata/html) by extension 'ignore_ament_install'
[0.219s] Level 1:colcon.colcon_core.package_identification:_identify(Cpp-env/fdm/lib/Aerodata/html) by extensions ['colcon_pkg']
[0.219s] Level 1:colcon.colcon_core.package_identification:_identify(Cpp-env/fdm/lib/Aerodata/html) by extension 'colcon_pkg'
[0.219s] Level 1:colcon.colcon_core.package_identification:_identify(Cpp-env/fdm/lib/Aerodata/html) by extensions ['colcon_meta']
[0.219s] Level 1:colcon.colcon_core.package_identification:_identify(Cpp-env/fdm/lib/Aerodata/html) by extension 'colcon_meta'
[0.219s] Level 1:colcon.colcon_core.package_identification:_identify(Cpp-env/fdm/lib/Aerodata/html) by extensions ['ros']
[0.219s] Level 1:colcon.colcon_core.package_identification:_identify(Cpp-env/fdm/lib/Aerodata/html) by extension 'ros'
[0.219s] Level 1:colcon.colcon_core.package_identification:_identify(Cpp-env/fdm/lib/Aerodata/html) by extensions ['cmake', 'python']
[0.219s] Level 1:colcon.colcon_core.package_identification:_identify(Cpp-env/fdm/lib/Aerodata/html) by extension 'cmake'
[0.219s] Level 1:colcon.colcon_core.package_identification:_identify(Cpp-env/fdm/lib/Aerodata/html) by extension 'python'
[0.219s] Level 1:colcon.colcon_core.package_identification:_identify(Cpp-env/fdm/lib/Aerodata/html) by extensions ['python_setup_py']
[0.219s] Level 1:colcon.colcon_core.package_identification:_identify(Cpp-env/fdm/lib/Aerodata/html) by extension 'python_setup_py'
[0.220s] Level 1:colcon.colcon_core.package_identification:_identify(Cpp-env/fdm/lib/Aerodata/interface) by extensions ['ignore', 'ignore_ament_install']
[0.220s] Level 1:colcon.colcon_core.package_identification:_identify(Cpp-env/fdm/lib/Aerodata/interface) by extension 'ignore'
[0.220s] Level 1:colcon.colcon_core.package_identification:_identify(Cpp-env/fdm/lib/Aerodata/interface) by extension 'ignore_ament_install'
[0.220s] Level 1:colcon.colcon_core.package_identification:_identify(Cpp-env/fdm/lib/Aerodata/interface) by extensions ['colcon_pkg']
[0.220s] Level 1:colcon.colcon_core.package_identification:_identify(Cpp-env/fdm/lib/Aerodata/interface) by extension 'colcon_pkg'
[0.220s] Level 1:colcon.colcon_core.package_identification:_identify(Cpp-env/fdm/lib/Aerodata/interface) by extensions ['colcon_meta']
[0.220s] Level 1:colcon.colcon_core.package_identification:_identify(Cpp-env/fdm/lib/Aerodata/interface) by extension 'colcon_meta'
[0.220s] Level 1:colcon.colcon_core.package_identification:_identify(Cpp-env/fdm/lib/Aerodata/interface) by extensions ['ros']
[0.220s] Level 1:colcon.colcon_core.package_identification:_identify(Cpp-env/fdm/lib/Aerodata/interface) by extension 'ros'
[0.220s] Level 1:colcon.colcon_core.package_identification:_identify(Cpp-env/fdm/lib/Aerodata/interface) by extensions ['cmake', 'python']
[0.220s] Level 1:colcon.colcon_core.package_identification:_identify(Cpp-env/fdm/lib/Aerodata/interface) by extension 'cmake'
[0.220s] Level 1:colcon.colcon_core.package_identification:_identify(Cpp-env/fdm/lib/Aerodata/interface) by extension 'python'
[0.220s] Level 1:colcon.colcon_core.package_identification:_identify(Cpp-env/fdm/lib/Aerodata/interface) by extensions ['python_setup_py']
[0.220s] Level 1:colcon.colcon_core.package_identification:_identify(Cpp-env/fdm/lib/Aerodata/interface) by extension 'python_setup_py'
[0.220s] Level 1:colcon.colcon_core.package_identification:_identify(Cpp-env/fdm/lib/Atmosphere) by extensions ['ignore', 'ignore_ament_install']
[0.220s] Level 1:colcon.colcon_core.package_identification:_identify(Cpp-env/fdm/lib/Atmosphere) by extension 'ignore'
[0.220s] Level 1:colcon.colcon_core.package_identification:_identify(Cpp-env/fdm/lib/Atmosphere) by extension 'ignore_ament_install'
[0.220s] Level 1:colcon.colcon_core.package_identification:_identify(Cpp-env/fdm/lib/Atmosphere) by extensions ['colcon_pkg']
[0.220s] Level 1:colcon.colcon_core.package_identification:_identify(Cpp-env/fdm/lib/Atmosphere) by extension 'colcon_pkg'
[0.220s] Level 1:colcon.colcon_core.package_identification:_identify(Cpp-env/fdm/lib/Atmosphere) by extensions ['colcon_meta']
[0.221s] Level 1:colcon.colcon_core.package_identification:_identify(Cpp-env/fdm/lib/Atmosphere) by extension 'colcon_meta'
[0.221s] Level 1:colcon.colcon_core.package_identification:_identify(Cpp-env/fdm/lib/Atmosphere) by extensions ['ros']
[0.221s] Level 1:colcon.colcon_core.package_identification:_identify(Cpp-env/fdm/lib/Atmosphere) by extension 'ros'
[0.221s] Level 1:colcon.colcon_core.package_identification:_identify(Cpp-env/fdm/lib/Atmosphere) by extensions ['cmake', 'python']
[0.221s] Level 1:colcon.colcon_core.package_identification:_identify(Cpp-env/fdm/lib/Atmosphere) by extension 'cmake'
[0.221s] Level 1:colcon.colcon_core.package_identification:_identify(Cpp-env/fdm/lib/Atmosphere) by extension 'python'
[0.221s] Level 1:colcon.colcon_core.package_identification:_identify(Cpp-env/fdm/lib/Atmosphere) by extensions ['python_setup_py']
[0.221s] Level 1:colcon.colcon_core.package_identification:_identify(Cpp-env/fdm/lib/Atmosphere) by extension 'python_setup_py'
[0.221s] Level 1:colcon.colcon_core.package_identification:_identify(Cpp-env/fdm/lib/Atmosphere/examples) by extensions ['ignore', 'ignore_ament_install']
[0.221s] Level 1:colcon.colcon_core.package_identification:_identify(Cpp-env/fdm/lib/Atmosphere/examples) by extension 'ignore'
[0.221s] Level 1:colcon.colcon_core.package_identification:_identify(Cpp-env/fdm/lib/Atmosphere/examples) by extension 'ignore_ament_install'
[0.221s] Level 1:colcon.colcon_core.package_identification:_identify(Cpp-env/fdm/lib/Atmosphere/examples) by extensions ['colcon_pkg']
[0.221s] Level 1:colcon.colcon_core.package_identification:_identify(Cpp-env/fdm/lib/Atmosphere/examples) by extension 'colcon_pkg'
[0.221s] Level 1:colcon.colcon_core.package_identification:_identify(Cpp-env/fdm/lib/Atmosphere/examples) by extensions ['colcon_meta']
[0.222s] Level 1:colcon.colcon_core.package_identification:_identify(Cpp-env/fdm/lib/Atmosphere/examples) by extension 'colcon_meta'
[0.222s] Level 1:colcon.colcon_core.package_identification:_identify(Cpp-env/fdm/lib/Atmosphere/examples) by extensions ['ros']
[0.222s] Level 1:colcon.colcon_core.package_identification:_identify(Cpp-env/fdm/lib/Atmosphere/examples) by extension 'ros'
[0.222s] Level 1:colcon.colcon_core.package_identification:_identify(Cpp-env/fdm/lib/Atmosphere/examples) by extensions ['cmake', 'python']
[0.222s] Level 1:colcon.colcon_core.package_identification:_identify(Cpp-env/fdm/lib/Atmosphere/examples) by extension 'cmake'
[0.222s] Level 1:colcon.colcon_core.package_identification:_identify(Cpp-env/fdm/lib/Atmosphere/examples) by extension 'python'
[0.222s] Level 1:colcon.colcon_core.package_identification:_identify(Cpp-env/fdm/lib/Atmosphere/examples) by extensions ['python_setup_py']
[0.222s] Level 1:colcon.colcon_core.package_identification:_identify(Cpp-env/fdm/lib/Atmosphere/examples) by extension 'python_setup_py'
[0.223s] Level 1:colcon.colcon_core.package_identification:_identify(Cpp-env/fdm/lib/Atmosphere/html) by extensions ['ignore', 'ignore_ament_install']
[0.223s] Level 1:colcon.colcon_core.package_identification:_identify(Cpp-env/fdm/lib/Atmosphere/html) by extension 'ignore'
[0.223s] Level 1:colcon.colcon_core.package_identification:_identify(Cpp-env/fdm/lib/Atmosphere/html) by extension 'ignore_ament_install'
[0.223s] Level 1:colcon.colcon_core.package_identification:_identify(Cpp-env/fdm/lib/Atmosphere/html) by extensions ['colcon_pkg']
[0.223s] Level 1:colcon.colcon_core.package_identification:_identify(Cpp-env/fdm/lib/Atmosphere/html) by extension 'colcon_pkg'
[0.223s] Level 1:colcon.colcon_core.package_identification:_identify(Cpp-env/fdm/lib/Atmosphere/html) by extensions ['colcon_meta']
[0.224s] Level 1:colcon.colcon_core.package_identification:_identify(Cpp-env/fdm/lib/Atmosphere/html) by extension 'colcon_meta'
[0.224s] Level 1:colcon.colcon_core.package_identification:_identify(Cpp-env/fdm/lib/Atmosphere/html) by extensions ['ros']
[0.224s] Level 1:colcon.colcon_core.package_identification:_identify(Cpp-env/fdm/lib/Atmosphere/html) by extension 'ros'
[0.224s] Level 1:colcon.colcon_core.package_identification:_identify(Cpp-env/fdm/lib/Atmosphere/html) by extensions ['cmake', 'python']
[0.224s] Level 1:colcon.colcon_core.package_identification:_identify(Cpp-env/fdm/lib/Atmosphere/html) by extension 'cmake'
[0.224s] Level 1:colcon.colcon_core.package_identification:_identify(Cpp-env/fdm/lib/Atmosphere/html) by extension 'python'
[0.224s] Level 1:colcon.colcon_core.package_identification:_identify(Cpp-env/fdm/lib/Atmosphere/html) by extensions ['python_setup_py']
[0.224s] Level 1:colcon.colcon_core.package_identification:_identify(Cpp-env/fdm/lib/Atmosphere/html) by extension 'python_setup_py'
[0.224s] Level 1:colcon.colcon_core.package_identification:_identify(Cpp-env/fdm/lib/Atmosphere/interface) by extensions ['ignore', 'ignore_ament_install']
[0.225s] Level 1:colcon.colcon_core.package_identification:_identify(Cpp-env/fdm/lib/Atmosphere/interface) by extension 'ignore'
[0.225s] Level 1:colcon.colcon_core.package_identification:_identify(Cpp-env/fdm/lib/Atmosphere/interface) by extension 'ignore_ament_install'
[0.225s] Level 1:colcon.colcon_core.package_identification:_identify(Cpp-env/fdm/lib/Atmosphere/interface) by extensions ['colcon_pkg']
[0.225s] Level 1:colcon.colcon_core.package_identification:_identify(Cpp-env/fdm/lib/Atmosphere/interface) by extension 'colcon_pkg'
[0.225s] Level 1:colcon.colcon_core.package_identification:_identify(Cpp-env/fdm/lib/Atmosphere/interface) by extensions ['colcon_meta']
[0.225s] Level 1:colcon.colcon_core.package_identification:_identify(Cpp-env/fdm/lib/Atmosphere/interface) by extension 'colcon_meta'
[0.225s] Level 1:colcon.colcon_core.package_identification:_identify(Cpp-env/fdm/lib/Atmosphere/interface) by extensions ['ros']
[0.225s] Level 1:colcon.colcon_core.package_identification:_identify(Cpp-env/fdm/lib/Atmosphere/interface) by extension 'ros'
[0.225s] Level 1:colcon.colcon_core.package_identification:_identify(Cpp-env/fdm/lib/Atmosphere/interface) by extensions ['cmake', 'python']
[0.225s] Level 1:colcon.colcon_core.package_identification:_identify(Cpp-env/fdm/lib/Atmosphere/interface) by extension 'cmake'
[0.225s] Level 1:colcon.colcon_core.package_identification:_identify(Cpp-env/fdm/lib/Atmosphere/interface) by extension 'python'
[0.225s] Level 1:colcon.colcon_core.package_identification:_identify(Cpp-env/fdm/lib/Atmosphere/interface) by extensions ['python_setup_py']
[0.225s] Level 1:colcon.colcon_core.package_identification:_identify(Cpp-env/fdm/lib/Atmosphere/interface) by extension 'python_setup_py'
[0.226s] Level 1:colcon.colcon_core.package_identification:_identify(Cpp-env/fdm/lib/Engine) by extensions ['ignore', 'ignore_ament_install']
[0.226s] Level 1:colcon.colcon_core.package_identification:_identify(Cpp-env/fdm/lib/Engine) by extension 'ignore'
[0.226s] Level 1:colcon.colcon_core.package_identification:_identify(Cpp-env/fdm/lib/Engine) by extension 'ignore_ament_install'
[0.226s] Level 1:colcon.colcon_core.package_identification:_identify(Cpp-env/fdm/lib/Engine) by extensions ['colcon_pkg']
[0.226s] Level 1:colcon.colcon_core.package_identification:_identify(Cpp-env/fdm/lib/Engine) by extension 'colcon_pkg'
[0.227s] Level 1:colcon.colcon_core.package_identification:_identify(Cpp-env/fdm/lib/Engine) by extensions ['colcon_meta']
[0.227s] Level 1:colcon.colcon_core.package_identification:_identify(Cpp-env/fdm/lib/Engine) by extension 'colcon_meta'
[0.227s] Level 1:colcon.colcon_core.package_identification:_identify(Cpp-env/fdm/lib/Engine) by extensions ['ros']
[0.227s] Level 1:colcon.colcon_core.package_identification:_identify(Cpp-env/fdm/lib/Engine) by extension 'ros'
[0.227s] Level 1:colcon.colcon_core.package_identification:_identify(Cpp-env/fdm/lib/Engine) by extensions ['cmake', 'python']
[0.227s] Level 1:colcon.colcon_core.package_identification:_identify(Cpp-env/fdm/lib/Engine) by extension 'cmake'
[0.227s] Level 1:colcon.colcon_core.package_identification:_identify(Cpp-env/fdm/lib/Engine) by extension 'python'
[0.227s] Level 1:colcon.colcon_core.package_identification:_identify(Cpp-env/fdm/lib/Engine) by extensions ['python_setup_py']
[0.227s] Level 1:colcon.colcon_core.package_identification:_identify(Cpp-env/fdm/lib/Engine) by extension 'python_setup_py'
[0.227s] Level 1:colcon.colcon_core.package_identification:_identify(Cpp-env/fdm/lib/Engine/examples) by extensions ['ignore', 'ignore_ament_install']
[0.227s] Level 1:colcon.colcon_core.package_identification:_identify(Cpp-env/fdm/lib/Engine/examples) by extension 'ignore'
[0.227s] Level 1:colcon.colcon_core.package_identification:_identify(Cpp-env/fdm/lib/Engine/examples) by extension 'ignore_ament_install'
[0.227s] Level 1:colcon.colcon_core.package_identification:_identify(Cpp-env/fdm/lib/Engine/examples) by extensions ['colcon_pkg']
[0.227s] Level 1:colcon.colcon_core.package_identification:_identify(Cpp-env/fdm/lib/Engine/examples) by extension 'colcon_pkg'
[0.227s] Level 1:colcon.colcon_core.package_identification:_identify(Cpp-env/fdm/lib/Engine/examples) by extensions ['colcon_meta']
[0.227s] Level 1:colcon.colcon_core.package_identification:_identify(Cpp-env/fdm/lib/Engine/examples) by extension 'colcon_meta'
[0.227s] Level 1:colcon.colcon_core.package_identification:_identify(Cpp-env/fdm/lib/Engine/examples) by extensions ['ros']
[0.227s] Level 1:colcon.colcon_core.package_identification:_identify(Cpp-env/fdm/lib/Engine/examples) by extension 'ros'
[0.227s] Level 1:colcon.colcon_core.package_identification:_identify(Cpp-env/fdm/lib/Engine/examples) by extensions ['cmake', 'python']
[0.227s] Level 1:colcon.colcon_core.package_identification:_identify(Cpp-env/fdm/lib/Engine/examples) by extension 'cmake'
[0.228s] Level 1:colcon.colcon_core.package_identification:_identify(Cpp-env/fdm/lib/Engine/examples) by extension 'python'
[0.228s] Level 1:colcon.colcon_core.package_identification:_identify(Cpp-env/fdm/lib/Engine/examples) by extensions ['python_setup_py']
[0.228s] Level 1:colcon.colcon_core.package_identification:_identify(Cpp-env/fdm/lib/Engine/examples) by extension 'python_setup_py'
[0.228s] Level 1:colcon.colcon_core.package_identification:_identify(Cpp-env/fdm/lib/Engine/html) by extensions ['ignore', 'ignore_ament_install']
[0.228s] Level 1:colcon.colcon_core.package_identification:_identify(Cpp-env/fdm/lib/Engine/html) by extension 'ignore'
[0.228s] Level 1:colcon.colcon_core.package_identification:_identify(Cpp-env/fdm/lib/Engine/html) by extension 'ignore_ament_install'
[0.228s] Level 1:colcon.colcon_core.package_identification:_identify(Cpp-env/fdm/lib/Engine/html) by extensions ['colcon_pkg']
[0.228s] Level 1:colcon.colcon_core.package_identification:_identify(Cpp-env/fdm/lib/Engine/html) by extension 'colcon_pkg'
[0.228s] Level 1:colcon.colcon_core.package_identification:_identify(Cpp-env/fdm/lib/Engine/html) by extensions ['colcon_meta']
[0.228s] Level 1:colcon.colcon_core.package_identification:_identify(Cpp-env/fdm/lib/Engine/html) by extension 'colcon_meta'
[0.228s] Level 1:colcon.colcon_core.package_identification:_identify(Cpp-env/fdm/lib/Engine/html) by extensions ['ros']
[0.228s] Level 1:colcon.colcon_core.package_identification:_identify(Cpp-env/fdm/lib/Engine/html) by extension 'ros'
[0.228s] Level 1:colcon.colcon_core.package_identification:_identify(Cpp-env/fdm/lib/Engine/html) by extensions ['cmake', 'python']
[0.228s] Level 1:colcon.colcon_core.package_identification:_identify(Cpp-env/fdm/lib/Engine/html) by extension 'cmake'
[0.228s] Level 1:colcon.colcon_core.package_identification:_identify(Cpp-env/fdm/lib/Engine/html) by extension 'python'
[0.228s] Level 1:colcon.colcon_core.package_identification:_identify(Cpp-env/fdm/lib/Engine/html) by extensions ['python_setup_py']
[0.228s] Level 1:colcon.colcon_core.package_identification:_identify(Cpp-env/fdm/lib/Engine/html) by extension 'python_setup_py'
[0.228s] Level 1:colcon.colcon_core.package_identification:_identify(Cpp-env/fdm/lib/Engine/interface) by extensions ['ignore', 'ignore_ament_install']
[0.229s] Level 1:colcon.colcon_core.package_identification:_identify(Cpp-env/fdm/lib/Engine/interface) by extension 'ignore'
[0.229s] Level 1:colcon.colcon_core.package_identification:_identify(Cpp-env/fdm/lib/Engine/interface) by extension 'ignore_ament_install'
[0.229s] Level 1:colcon.colcon_core.package_identification:_identify(Cpp-env/fdm/lib/Engine/interface) by extensions ['colcon_pkg']
[0.229s] Level 1:colcon.colcon_core.package_identification:_identify(Cpp-env/fdm/lib/Engine/interface) by extension 'colcon_pkg'
[0.229s] Level 1:colcon.colcon_core.package_identification:_identify(Cpp-env/fdm/lib/Engine/interface) by extensions ['colcon_meta']
[0.229s] Level 1:colcon.colcon_core.package_identification:_identify(Cpp-env/fdm/lib/Engine/interface) by extension 'colcon_meta'
[0.229s] Level 1:colcon.colcon_core.package_identification:_identify(Cpp-env/fdm/lib/Engine/interface) by extensions ['ros']
[0.229s] Level 1:colcon.colcon_core.package_identification:_identify(Cpp-env/fdm/lib/Engine/interface) by extension 'ros'
[0.229s] Level 1:colcon.colcon_core.package_identification:_identify(Cpp-env/fdm/lib/Engine/interface) by extensions ['cmake', 'python']
[0.229s] Level 1:colcon.colcon_core.package_identification:_identify(Cpp-env/fdm/lib/Engine/interface) by extension 'cmake'
[0.229s] Level 1:colcon.colcon_core.package_identification:_identify(Cpp-env/fdm/lib/Engine/interface) by extension 'python'
[0.229s] Level 1:colcon.colcon_core.package_identification:_identify(Cpp-env/fdm/lib/Engine/interface) by extensions ['python_setup_py']
[0.229s] Level 1:colcon.colcon_core.package_identification:_identify(Cpp-env/fdm/lib/Engine/interface) by extension 'python_setup_py'
[0.229s] Level 1:colcon.colcon_core.package_identification:_identify(Cpp-env/fdm/lib/Equations_of_Motion) by extensions ['ignore', 'ignore_ament_install']
[0.230s] Level 1:colcon.colcon_core.package_identification:_identify(Cpp-env/fdm/lib/Equations_of_Motion) by extension 'ignore'
[0.230s] Level 1:colcon.colcon_core.package_identification:_identify(Cpp-env/fdm/lib/Equations_of_Motion) by extension 'ignore_ament_install'
[0.230s] Level 1:colcon.colcon_core.package_identification:_identify(Cpp-env/fdm/lib/Equations_of_Motion) by extensions ['colcon_pkg']
[0.230s] Level 1:colcon.colcon_core.package_identification:_identify(Cpp-env/fdm/lib/Equations_of_Motion) by extension 'colcon_pkg'
[0.230s] Level 1:colcon.colcon_core.package_identification:_identify(Cpp-env/fdm/lib/Equations_of_Motion) by extensions ['colcon_meta']
[0.230s] Level 1:colcon.colcon_core.package_identification:_identify(Cpp-env/fdm/lib/Equations_of_Motion) by extension 'colcon_meta'
[0.231s] Level 1:colcon.colcon_core.package_identification:_identify(Cpp-env/fdm/lib/Equations_of_Motion) by extensions ['ros']
[0.231s] Level 1:colcon.colcon_core.package_identification:_identify(Cpp-env/fdm/lib/Equations_of_Motion) by extension 'ros'
[0.231s] Level 1:colcon.colcon_core.package_identification:_identify(Cpp-env/fdm/lib/Equations_of_Motion) by extensions ['cmake', 'python']
[0.231s] Level 1:colcon.colcon_core.package_identification:_identify(Cpp-env/fdm/lib/Equations_of_Motion) by extension 'cmake'
[0.231s] Level 1:colcon.colcon_core.package_identification:_identify(Cpp-env/fdm/lib/Equations_of_Motion) by extension 'python'
[0.231s] Level 1:colcon.colcon_core.package_identification:_identify(Cpp-env/fdm/lib/Equations_of_Motion) by extensions ['python_setup_py']
[0.231s] Level 1:colcon.colcon_core.package_identification:_identify(Cpp-env/fdm/lib/Equations_of_Motion) by extension 'python_setup_py'
[0.231s] Level 1:colcon.colcon_core.package_identification:_identify(Cpp-env/fdm/lib/Equations_of_Motion/examples) by extensions ['ignore', 'ignore_ament_install']
[0.232s] Level 1:colcon.colcon_core.package_identification:_identify(Cpp-env/fdm/lib/Equations_of_Motion/examples) by extension 'ignore'
[0.232s] Level 1:colcon.colcon_core.package_identification:_identify(Cpp-env/fdm/lib/Equations_of_Motion/examples) by extension 'ignore_ament_install'
[0.232s] Level 1:colcon.colcon_core.package_identification:_identify(Cpp-env/fdm/lib/Equations_of_Motion/examples) by extensions ['colcon_pkg']
[0.232s] Level 1:colcon.colcon_core.package_identification:_identify(Cpp-env/fdm/lib/Equations_of_Motion/examples) by extension 'colcon_pkg'
[0.232s] Level 1:colcon.colcon_core.package_identification:_identify(Cpp-env/fdm/lib/Equations_of_Motion/examples) by extensions ['colcon_meta']
[0.232s] Level 1:colcon.colcon_core.package_identification:_identify(Cpp-env/fdm/lib/Equations_of_Motion/examples) by extension 'colcon_meta'
[0.232s] Level 1:colcon.colcon_core.package_identification:_identify(Cpp-env/fdm/lib/Equations_of_Motion/examples) by extensions ['ros']
[0.232s] Level 1:colcon.colcon_core.package_identification:_identify(Cpp-env/fdm/lib/Equations_of_Motion/examples) by extension 'ros'
[0.232s] Level 1:colcon.colcon_core.package_identification:_identify(Cpp-env/fdm/lib/Equations_of_Motion/examples) by extensions ['cmake', 'python']
[0.232s] Level 1:colcon.colcon_core.package_identification:_identify(Cpp-env/fdm/lib/Equations_of_Motion/examples) by extension 'cmake'
[0.232s] Level 1:colcon.colcon_core.package_identification:_identify(Cpp-env/fdm/lib/Equations_of_Motion/examples) by extension 'python'
[0.232s] Level 1:colcon.colcon_core.package_identification:_identify(Cpp-env/fdm/lib/Equations_of_Motion/examples) by extensions ['python_setup_py']
[0.232s] Level 1:colcon.colcon_core.package_identification:_identify(Cpp-env/fdm/lib/Equations_of_Motion/examples) by extension 'python_setup_py'
[0.232s] Level 1:colcon.colcon_core.package_identification:_identify(Cpp-env/fdm/lib/Equations_of_Motion/html) by extensions ['ignore', 'ignore_ament_install']
[0.232s] Level 1:colcon.colcon_core.package_identification:_identify(Cpp-env/fdm/lib/Equations_of_Motion/html) by extension 'ignore'
[0.232s] Level 1:colcon.colcon_core.package_identification:_identify(Cpp-env/fdm/lib/Equations_of_Motion/html) by extension 'ignore_ament_install'
[0.232s] Level 1:colcon.colcon_core.package_identification:_identify(Cpp-env/fdm/lib/Equations_of_Motion/html) by extensions ['colcon_pkg']
[0.232s] Level 1:colcon.colcon_core.package_identification:_identify(Cpp-env/fdm/lib/Equations_of_Motion/html) by extension 'colcon_pkg'
[0.232s] Level 1:colcon.colcon_core.package_identification:_identify(Cpp-env/fdm/lib/Equations_of_Motion/html) by extensions ['colcon_meta']
[0.233s] Level 1:colcon.colcon_core.package_identification:_identify(Cpp-env/fdm/lib/Equations_of_Motion/html) by extension 'colcon_meta'
[0.233s] Level 1:colcon.colcon_core.package_identification:_identify(Cpp-env/fdm/lib/Equations_of_Motion/html) by extensions ['ros']
[0.233s] Level 1:colcon.colcon_core.package_identification:_identify(Cpp-env/fdm/lib/Equations_of_Motion/html) by extension 'ros'
[0.233s] Level 1:colcon.colcon_core.package_identification:_identify(Cpp-env/fdm/lib/Equations_of_Motion/html) by extensions ['cmake', 'python']
[0.233s] Level 1:colcon.colcon_core.package_identification:_identify(Cpp-env/fdm/lib/Equations_of_Motion/html) by extension 'cmake'
[0.233s] Level 1:colcon.colcon_core.package_identification:_identify(Cpp-env/fdm/lib/Equations_of_Motion/html) by extension 'python'
[0.233s] Level 1:colcon.colcon_core.package_identification:_identify(Cpp-env/fdm/lib/Equations_of_Motion/html) by extensions ['python_setup_py']
[0.233s] Level 1:colcon.colcon_core.package_identification:_identify(Cpp-env/fdm/lib/Equations_of_Motion/html) by extension 'python_setup_py'
[0.233s] Level 1:colcon.colcon_core.package_identification:_identify(Cpp-env/fdm/lib/Equations_of_Motion/interface) by extensions ['ignore', 'ignore_ament_install']
[0.233s] Level 1:colcon.colcon_core.package_identification:_identify(Cpp-env/fdm/lib/Equations_of_Motion/interface) by extension 'ignore'
[0.233s] Level 1:colcon.colcon_core.package_identification:_identify(Cpp-env/fdm/lib/Equations_of_Motion/interface) by extension 'ignore_ament_install'
[0.233s] Level 1:colcon.colcon_core.package_identification:_identify(Cpp-env/fdm/lib/Equations_of_Motion/interface) by extensions ['colcon_pkg']
[0.233s] Level 1:colcon.colcon_core.package_identification:_identify(Cpp-env/fdm/lib/Equations_of_Motion/interface) by extension 'colcon_pkg'
[0.233s] Level 1:colcon.colcon_core.package_identification:_identify(Cpp-env/fdm/lib/Equations_of_Motion/interface) by extensions ['colcon_meta']
[0.233s] Level 1:colcon.colcon_core.package_identification:_identify(Cpp-env/fdm/lib/Equations_of_Motion/interface) by extension 'colcon_meta'
[0.233s] Level 1:colcon.colcon_core.package_identification:_identify(Cpp-env/fdm/lib/Equations_of_Motion/interface) by extensions ['ros']
[0.233s] Level 1:colcon.colcon_core.package_identification:_identify(Cpp-env/fdm/lib/Equations_of_Motion/interface) by extension 'ros'
[0.234s] Level 1:colcon.colcon_core.package_identification:_identify(Cpp-env/fdm/lib/Equations_of_Motion/interface) by extensions ['cmake', 'python']
[0.234s] Level 1:colcon.colcon_core.package_identification:_identify(Cpp-env/fdm/lib/Equations_of_Motion/interface) by extension 'cmake'
[0.234s] Level 1:colcon.colcon_core.package_identification:_identify(Cpp-env/fdm/lib/Equations_of_Motion/interface) by extension 'python'
[0.234s] Level 1:colcon.colcon_core.package_identification:_identify(Cpp-env/fdm/lib/Equations_of_Motion/interface) by extensions ['python_setup_py']
[0.234s] Level 1:colcon.colcon_core.package_identification:_identify(Cpp-env/fdm/lib/Equations_of_Motion/interface) by extension 'python_setup_py'
[0.234s] Level 1:colcon.colcon_core.package_identification:_identify(Cpp-env/fdm/lib/Solver) by extensions ['ignore', 'ignore_ament_install']
[0.234s] Level 1:colcon.colcon_core.package_identification:_identify(Cpp-env/fdm/lib/Solver) by extension 'ignore'
[0.234s] Level 1:colcon.colcon_core.package_identification:_identify(Cpp-env/fdm/lib/Solver) by extension 'ignore_ament_install'
[0.234s] Level 1:colcon.colcon_core.package_identification:_identify(Cpp-env/fdm/lib/Solver) by extensions ['colcon_pkg']
[0.234s] Level 1:colcon.colcon_core.package_identification:_identify(Cpp-env/fdm/lib/Solver) by extension 'colcon_pkg'
[0.234s] Level 1:colcon.colcon_core.package_identification:_identify(Cpp-env/fdm/lib/Solver) by extensions ['colcon_meta']
[0.234s] Level 1:colcon.colcon_core.package_identification:_identify(Cpp-env/fdm/lib/Solver) by extension 'colcon_meta'
[0.234s] Level 1:colcon.colcon_core.package_identification:_identify(Cpp-env/fdm/lib/Solver) by extensions ['ros']
[0.234s] Level 1:colcon.colcon_core.package_identification:_identify(Cpp-env/fdm/lib/Solver) by extension 'ros'
[0.234s] Level 1:colcon.colcon_core.package_identification:_identify(Cpp-env/fdm/lib/Solver) by extensions ['cmake', 'python']
[0.234s] Level 1:colcon.colcon_core.package_identification:_identify(Cpp-env/fdm/lib/Solver) by extension 'cmake'
[0.234s] Level 1:colcon.colcon_core.package_identification:_identify(Cpp-env/fdm/lib/Solver) by extension 'python'
[0.234s] Level 1:colcon.colcon_core.package_identification:_identify(Cpp-env/fdm/lib/Solver) by extensions ['python_setup_py']
[0.234s] Level 1:colcon.colcon_core.package_identification:_identify(Cpp-env/fdm/lib/Solver) by extension 'python_setup_py'
[0.235s] Level 1:colcon.colcon_core.package_identification:_identify(Cpp-env/fg) by extensions ['ignore', 'ignore_ament_install']
[0.235s] Level 1:colcon.colcon_core.package_identification:_identify(Cpp-env/fg) by extension 'ignore'
[0.235s] Level 1:colcon.colcon_core.package_identification:_identify(Cpp-env/fg) by extension 'ignore_ament_install'
[0.235s] Level 1:colcon.colcon_core.package_identification:_identify(Cpp-env/fg) by extensions ['colcon_pkg']
[0.235s] Level 1:colcon.colcon_core.package_identification:_identify(Cpp-env/fg) by extension 'colcon_pkg'
[0.235s] Level 1:colcon.colcon_core.package_identification:_identify(Cpp-env/fg) by extensions ['colcon_meta']
[0.235s] Level 1:colcon.colcon_core.package_identification:_identify(Cpp-env/fg) by extension 'colcon_meta'
[0.235s] Level 1:colcon.colcon_core.package_identification:_identify(Cpp-env/fg) by extensions ['ros']
[0.235s] Level 1:colcon.colcon_core.package_identification:_identify(Cpp-env/fg) by extension 'ros'
[0.235s] Level 1:colcon.colcon_core.package_identification:_identify(Cpp-env/fg) by extensions ['cmake', 'python']
[0.235s] Level 1:colcon.colcon_core.package_identification:_identify(Cpp-env/fg) by extension 'cmake'
[0.235s] Level 1:colcon.colcon_core.package_identification:_identify(Cpp-env/fg) by extension 'python'
[0.235s] Level 1:colcon.colcon_core.package_identification:_identify(Cpp-env/fg) by extensions ['python_setup_py']
[0.235s] Level 1:colcon.colcon_core.package_identification:_identify(Cpp-env/fg) by extension 'python_setup_py'
[0.235s] Level 1:colcon.colcon_core.package_identification:_identify(Installs) by extensions ['ignore', 'ignore_ament_install']
[0.235s] Level 1:colcon.colcon_core.package_identification:_identify(Installs) by extension 'ignore'
[0.235s] Level 1:colcon.colcon_core.package_identification:_identify(Installs) by extension 'ignore_ament_install'
[0.235s] Level 1:colcon.colcon_core.package_identification:_identify(Installs) by extensions ['colcon_pkg']
[0.235s] Level 1:colcon.colcon_core.package_identification:_identify(Installs) by extension 'colcon_pkg'
[0.236s] Level 1:colcon.colcon_core.package_identification:_identify(Installs) by extensions ['colcon_meta']
[0.236s] Level 1:colcon.colcon_core.package_identification:_identify(Installs) by extension 'colcon_meta'
[0.236s] Level 1:colcon.colcon_core.package_identification:_identify(Installs) by extensions ['ros']
[0.236s] Level 1:colcon.colcon_core.package_identification:_identify(Installs) by extension 'ros'
[0.236s] Level 1:colcon.colcon_core.package_identification:_identify(Installs) by extensions ['cmake', 'python']
[0.236s] Level 1:colcon.colcon_core.package_identification:_identify(Installs) by extension 'cmake'
[0.236s] Level 1:colcon.colcon_core.package_identification:_identify(Installs) by extension 'python'
[0.236s] Level 1:colcon.colcon_core.package_identification:_identify(Installs) by extensions ['python_setup_py']
[0.236s] Level 1:colcon.colcon_core.package_identification:_identify(Installs) by extension 'python_setup_py'
[0.236s] Level 1:colcon.colcon_core.package_identification:_identify(Installs/f18) by extensions ['ignore', 'ignore_ament_install']
[0.236s] Level 1:colcon.colcon_core.package_identification:_identify(Installs/f18) by extension 'ignore'
[0.236s] Level 1:colcon.colcon_core.package_identification:_identify(Installs/f18) by extension 'ignore_ament_install'
[0.236s] Level 1:colcon.colcon_core.package_identification:_identify(Installs/f18) by extensions ['colcon_pkg']
[0.236s] Level 1:colcon.colcon_core.package_identification:_identify(Installs/f18) by extension 'colcon_pkg'
[0.236s] Level 1:colcon.colcon_core.package_identification:_identify(Installs/f18) by extensions ['colcon_meta']
[0.237s] Level 1:colcon.colcon_core.package_identification:_identify(Installs/f18) by extension 'colcon_meta'
[0.237s] Level 1:colcon.colcon_core.package_identification:_identify(Installs/f18) by extensions ['ros']
[0.237s] Level 1:colcon.colcon_core.package_identification:_identify(Installs/f18) by extension 'ros'
[0.237s] Level 1:colcon.colcon_core.package_identification:_identify(Installs/f18) by extensions ['cmake', 'python']
[0.237s] Level 1:colcon.colcon_core.package_identification:_identify(Installs/f18) by extension 'cmake'
[0.237s] Level 1:colcon.colcon_core.package_identification:_identify(Installs/f18) by extension 'python'
[0.237s] Level 1:colcon.colcon_core.package_identification:_identify(Installs/f18) by extensions ['python_setup_py']
[0.237s] Level 1:colcon.colcon_core.package_identification:_identify(Installs/f18) by extension 'python_setup_py'
[0.237s] Level 1:colcon.colcon_core.package_identification:_identify(Installs/f18/Engines) by extensions ['ignore', 'ignore_ament_install']
[0.237s] Level 1:colcon.colcon_core.package_identification:_identify(Installs/f18/Engines) by extension 'ignore'
[0.237s] Level 1:colcon.colcon_core.package_identification:_identify(Installs/f18/Engines) by extension 'ignore_ament_install'
[0.237s] Level 1:colcon.colcon_core.package_identification:_identify(Installs/f18/Engines) by extensions ['colcon_pkg']
[0.238s] Level 1:colcon.colcon_core.package_identification:_identify(Installs/f18/Engines) by extension 'colcon_pkg'
[0.238s] Level 1:colcon.colcon_core.package_identification:_identify(Installs/f18/Engines) by extensions ['colcon_meta']
[0.238s] Level 1:colcon.colcon_core.package_identification:_identify(Installs/f18/Engines) by extension 'colcon_meta'
[0.238s] Level 1:colcon.colcon_core.package_identification:_identify(Installs/f18/Engines) by extensions ['ros']
[0.238s] Level 1:colcon.colcon_core.package_identification:_identify(Installs/f18/Engines) by extension 'ros'
[0.238s] Level 1:colcon.colcon_core.package_identification:_identify(Installs/f18/Engines) by extensions ['cmake', 'python']
[0.238s] Level 1:colcon.colcon_core.package_identification:_identify(Installs/f18/Engines) by extension 'cmake'
[0.238s] Level 1:colcon.colcon_core.package_identification:_identify(Installs/f18/Engines) by extension 'python'
[0.238s] Level 1:colcon.colcon_core.package_identification:_identify(Installs/f18/Engines) by extensions ['python_setup_py']
[0.238s] Level 1:colcon.colcon_core.package_identification:_identify(Installs/f18/Engines) by extension 'python_setup_py'
[0.238s] Level 1:colcon.colcon_core.package_identification:_identify(Installs/f18/Models) by extensions ['ignore', 'ignore_ament_install']
[0.238s] Level 1:colcon.colcon_core.package_identification:_identify(Installs/f18/Models) by extension 'ignore'
[0.238s] Level 1:colcon.colcon_core.package_identification:_identify(Installs/f18/Models) by extension 'ignore_ament_install'
[0.238s] Level 1:colcon.colcon_core.package_identification:_identify(Installs/f18/Models) by extensions ['colcon_pkg']
[0.238s] Level 1:colcon.colcon_core.package_identification:_identify(Installs/f18/Models) by extension 'colcon_pkg'
[0.238s] Level 1:colcon.colcon_core.package_identification:_identify(Installs/f18/Models) by extensions ['colcon_meta']
[0.238s] Level 1:colcon.colcon_core.package_identification:_identify(Installs/f18/Models) by extension 'colcon_meta'
[0.239s] Level 1:colcon.colcon_core.package_identification:_identify(Installs/f18/Models) by extensions ['ros']
[0.239s] Level 1:colcon.colcon_core.package_identification:_identify(Installs/f18/Models) by extension 'ros'
[0.239s] Level 1:colcon.colcon_core.package_identification:_identify(Installs/f18/Models) by extensions ['cmake', 'python']
[0.239s] Level 1:colcon.colcon_core.package_identification:_identify(Installs/f18/Models) by extension 'cmake'
[0.239s] Level 1:colcon.colcon_core.package_identification:_identify(Installs/f18/Models) by extension 'python'
[0.239s] Level 1:colcon.colcon_core.package_identification:_identify(Installs/f18/Models) by extensions ['python_setup_py']
[0.239s] Level 1:colcon.colcon_core.package_identification:_identify(Installs/f18/Models) by extension 'python_setup_py'
[0.239s] Level 1:colcon.colcon_core.package_identification:_identify(Installs/f18/Models/desert) by extensions ['ignore', 'ignore_ament_install']
[0.239s] Level 1:colcon.colcon_core.package_identification:_identify(Installs/f18/Models/desert) by extension 'ignore'
[0.239s] Level 1:colcon.colcon_core.package_identification:_identify(Installs/f18/Models/desert) by extension 'ignore_ament_install'
[0.239s] Level 1:colcon.colcon_core.package_identification:_identify(Installs/f18/Models/desert) by extensions ['colcon_pkg']
[0.239s] Level 1:colcon.colcon_core.package_identification:_identify(Installs/f18/Models/desert) by extension 'colcon_pkg'
[0.239s] Level 1:colcon.colcon_core.package_identification:_identify(Installs/f18/Models/desert) by extensions ['colcon_meta']
[0.239s] Level 1:colcon.colcon_core.package_identification:_identify(Installs/f18/Models/desert) by extension 'colcon_meta'
[0.239s] Level 1:colcon.colcon_core.package_identification:_identify(Installs/f18/Models/desert) by extensions ['ros']
[0.239s] Level 1:colcon.colcon_core.package_identification:_identify(Installs/f18/Models/desert) by extension 'ros'
[0.239s] Level 1:colcon.colcon_core.package_identification:_identify(Installs/f18/Models/desert) by extensions ['cmake', 'python']
[0.240s] Level 1:colcon.colcon_core.package_identification:_identify(Installs/f18/Models/desert) by extension 'cmake'
[0.240s] Level 1:colcon.colcon_core.package_identification:_identify(Installs/f18/Models/desert) by extension 'python'
[0.240s] Level 1:colcon.colcon_core.package_identification:_identify(Installs/f18/Models/desert) by extensions ['python_setup_py']
[0.240s] Level 1:colcon.colcon_core.package_identification:_identify(Installs/f18/Models/desert) by extension 'python_setup_py'
[0.240s] Level 1:colcon.colcon_core.package_identification:_identify(Installs/f18/Panels) by extensions ['ignore', 'ignore_ament_install']
[0.240s] Level 1:colcon.colcon_core.package_identification:_identify(Installs/f18/Panels) by extension 'ignore'
[0.240s] Level 1:colcon.colcon_core.package_identification:_identify(Installs/f18/Panels) by extension 'ignore_ament_install'
[0.240s] Level 1:colcon.colcon_core.package_identification:_identify(Installs/f18/Panels) by extensions ['colcon_pkg']
[0.240s] Level 1:colcon.colcon_core.package_identification:_identify(Installs/f18/Panels) by extension 'colcon_pkg'
[0.241s] Level 1:colcon.colcon_core.package_identification:_identify(Installs/f18/Panels) by extensions ['colcon_meta']
[0.241s] Level 1:colcon.colcon_core.package_identification:_identify(Installs/f18/Panels) by extension 'colcon_meta'
[0.241s] Level 1:colcon.colcon_core.package_identification:_identify(Installs/f18/Panels) by extensions ['ros']
[0.241s] Level 1:colcon.colcon_core.package_identification:_identify(Installs/f18/Panels) by extension 'ros'
[0.241s] Level 1:colcon.colcon_core.package_identification:_identify(Installs/f18/Panels) by extensions ['cmake', 'python']
[0.241s] Level 1:colcon.colcon_core.package_identification:_identify(Installs/f18/Panels) by extension 'cmake'
[0.241s] Level 1:colcon.colcon_core.package_identification:_identify(Installs/f18/Panels) by extension 'python'
[0.241s] Level 1:colcon.colcon_core.package_identification:_identify(Installs/f18/Panels) by extensions ['python_setup_py']
[0.241s] Level 1:colcon.colcon_core.package_identification:_identify(Installs/f18/Panels) by extension 'python_setup_py'
[0.241s] Level 1:colcon.colcon_core.package_identification:_identify(Installs/f18/Panels/Textures) by extensions ['ignore', 'ignore_ament_install']
[0.241s] Level 1:colcon.colcon_core.package_identification:_identify(Installs/f18/Panels/Textures) by extension 'ignore'
[0.241s] Level 1:colcon.colcon_core.package_identification:_identify(Installs/f18/Panels/Textures) by extension 'ignore_ament_install'
[0.241s] Level 1:colcon.colcon_core.package_identification:_identify(Installs/f18/Panels/Textures) by extensions ['colcon_pkg']
[0.242s] Level 1:colcon.colcon_core.package_identification:_identify(Installs/f18/Panels/Textures) by extension 'colcon_pkg'
[0.242s] Level 1:colcon.colcon_core.package_identification:_identify(Installs/f18/Panels/Textures) by extensions ['colcon_meta']
[0.242s] Level 1:colcon.colcon_core.package_identification:_identify(Installs/f18/Panels/Textures) by extension 'colcon_meta'
[0.243s] Level 1:colcon.colcon_core.package_identification:_identify(Installs/f18/Panels/Textures) by extensions ['ros']
[0.243s] Level 1:colcon.colcon_core.package_identification:_identify(Installs/f18/Panels/Textures) by extension 'ros'
[0.243s] Level 1:colcon.colcon_core.package_identification:_identify(Installs/f18/Panels/Textures) by extensions ['cmake', 'python']
[0.243s] Level 1:colcon.colcon_core.package_identification:_identify(Installs/f18/Panels/Textures) by extension 'cmake'
[0.243s] Level 1:colcon.colcon_core.package_identification:_identify(Installs/f18/Panels/Textures) by extension 'python'
[0.244s] Level 1:colcon.colcon_core.package_identification:_identify(Installs/f18/Panels/Textures) by extensions ['python_setup_py']
[0.244s] Level 1:colcon.colcon_core.package_identification:_identify(Installs/f18/Panels/Textures) by extension 'python_setup_py'
[0.244s] Level 1:colcon.colcon_core.package_identification:_identify(MATLAB-env) by extensions ['ignore', 'ignore_ament_install']
[0.244s] Level 1:colcon.colcon_core.package_identification:_identify(MATLAB-env) by extension 'ignore'
[0.245s] Level 1:colcon.colcon_core.package_identification:_identify(MATLAB-env) by extension 'ignore_ament_install'
[0.245s] Level 1:colcon.colcon_core.package_identification:_identify(MATLAB-env) by extensions ['colcon_pkg']
[0.245s] Level 1:colcon.colcon_core.package_identification:_identify(MATLAB-env) by extension 'colcon_pkg'
[0.245s] Level 1:colcon.colcon_core.package_identification:_identify(MATLAB-env) by extensions ['colcon_meta']
[0.245s] Level 1:colcon.colcon_core.package_identification:_identify(MATLAB-env) by extension 'colcon_meta'
[0.245s] Level 1:colcon.colcon_core.package_identification:_identify(MATLAB-env) by extensions ['ros']
[0.245s] Level 1:colcon.colcon_core.package_identification:_identify(MATLAB-env) by extension 'ros'
[0.245s] Level 1:colcon.colcon_core.package_identification:_identify(MATLAB-env) by extensions ['cmake', 'python']
[0.245s] Level 1:colcon.colcon_core.package_identification:_identify(MATLAB-env) by extension 'cmake'
[0.245s] Level 1:colcon.colcon_core.package_identification:_identify(MATLAB-env) by extension 'python'
[0.245s] Level 1:colcon.colcon_core.package_identification:_identify(MATLAB-env) by extensions ['python_setup_py']
[0.245s] Level 1:colcon.colcon_core.package_identification:_identify(MATLAB-env) by extension 'python_setup_py'
[0.245s] Level 1:colcon.colcon_core.package_identification:_identify(MATLAB-env/MATLABFlightDynamics_OLD) by extensions ['ignore', 'ignore_ament_install']
[0.245s] Level 1:colcon.colcon_core.package_identification:_identify(MATLAB-env/MATLABFlightDynamics_OLD) by extension 'ignore'
[0.245s] Level 1:colcon.colcon_core.package_identification:_identify(MATLAB-env/MATLABFlightDynamics_OLD) by extension 'ignore_ament_install'
[0.246s] Level 1:colcon.colcon_core.package_identification:_identify(MATLAB-env/MATLABFlightDynamics_OLD) by extensions ['colcon_pkg']
[0.246s] Level 1:colcon.colcon_core.package_identification:_identify(MATLAB-env/MATLABFlightDynamics_OLD) by extension 'colcon_pkg'
[0.246s] Level 1:colcon.colcon_core.package_identification:_identify(MATLAB-env/MATLABFlightDynamics_OLD) by extensions ['colcon_meta']
[0.246s] Level 1:colcon.colcon_core.package_identification:_identify(MATLAB-env/MATLABFlightDynamics_OLD) by extension 'colcon_meta'
[0.246s] Level 1:colcon.colcon_core.package_identification:_identify(MATLAB-env/MATLABFlightDynamics_OLD) by extensions ['ros']
[0.246s] Level 1:colcon.colcon_core.package_identification:_identify(MATLAB-env/MATLABFlightDynamics_OLD) by extension 'ros'
[0.247s] Level 1:colcon.colcon_core.package_identification:_identify(MATLAB-env/MATLABFlightDynamics_OLD) by extensions ['cmake', 'python']
[0.247s] Level 1:colcon.colcon_core.package_identification:_identify(MATLAB-env/MATLABFlightDynamics_OLD) by extension 'cmake'
[0.247s] Level 1:colcon.colcon_core.package_identification:_identify(MATLAB-env/MATLABFlightDynamics_OLD) by extension 'python'
[0.247s] Level 1:colcon.colcon_core.package_identification:_identify(MATLAB-env/MATLABFlightDynamics_OLD) by extensions ['python_setup_py']
[0.247s] Level 1:colcon.colcon_core.package_identification:_identify(MATLAB-env/MATLABFlightDynamics_OLD) by extension 'python_setup_py'
[0.247s] Level 1:colcon.colcon_core.package_identification:_identify(MATLAB-env/MATLABFlightDynamics_Recent) by extensions ['ignore', 'ignore_ament_install']
[0.248s] Level 1:colcon.colcon_core.package_identification:_identify(MATLAB-env/MATLABFlightDynamics_Recent) by extension 'ignore'
[0.248s] Level 1:colcon.colcon_core.package_identification:_identify(MATLAB-env/MATLABFlightDynamics_Recent) by extension 'ignore_ament_install'
[0.248s] Level 1:colcon.colcon_core.package_identification:_identify(MATLAB-env/MATLABFlightDynamics_Recent) by extensions ['colcon_pkg']
[0.248s] Level 1:colcon.colcon_core.package_identification:_identify(MATLAB-env/MATLABFlightDynamics_Recent) by extension 'colcon_pkg'
[0.248s] Level 1:colcon.colcon_core.package_identification:_identify(MATLAB-env/MATLABFlightDynamics_Recent) by extensions ['colcon_meta']
[0.248s] Level 1:colcon.colcon_core.package_identification:_identify(MATLAB-env/MATLABFlightDynamics_Recent) by extension 'colcon_meta'
[0.249s] Level 1:colcon.colcon_core.package_identification:_identify(MATLAB-env/MATLABFlightDynamics_Recent) by extensions ['ros']
[0.249s] Level 1:colcon.colcon_core.package_identification:_identify(MATLAB-env/MATLABFlightDynamics_Recent) by extension 'ros'
[0.249s] Level 1:colcon.colcon_core.package_identification:_identify(MATLAB-env/MATLABFlightDynamics_Recent) by extensions ['cmake', 'python']
[0.249s] Level 1:colcon.colcon_core.package_identification:_identify(MATLAB-env/MATLABFlightDynamics_Recent) by extension 'cmake'
[0.249s] Level 1:colcon.colcon_core.package_identification:_identify(MATLAB-env/MATLABFlightDynamics_Recent) by extension 'python'
[0.249s] Level 1:colcon.colcon_core.package_identification:_identify(MATLAB-env/MATLABFlightDynamics_Recent) by extensions ['python_setup_py']
[0.249s] Level 1:colcon.colcon_core.package_identification:_identify(MATLAB-env/MATLABFlightDynamics_Recent) by extension 'python_setup_py'
[0.249s] Level 1:colcon.colcon_core.package_identification:_identify(MATLAB-env/MATLABFlightDynamics_Working) by extensions ['ignore', 'ignore_ament_install']
[0.249s] Level 1:colcon.colcon_core.package_identification:_identify(MATLAB-env/MATLABFlightDynamics_Working) by extension 'ignore'
[0.249s] Level 1:colcon.colcon_core.package_identification:_identify(MATLAB-env/MATLABFlightDynamics_Working) by extension 'ignore_ament_install'
[0.249s] Level 1:colcon.colcon_core.package_identification:_identify(MATLAB-env/MATLABFlightDynamics_Working) by extensions ['colcon_pkg']
[0.250s] Level 1:colcon.colcon_core.package_identification:_identify(MATLAB-env/MATLABFlightDynamics_Working) by extension 'colcon_pkg'
[0.250s] Level 1:colcon.colcon_core.package_identification:_identify(MATLAB-env/MATLABFlightDynamics_Working) by extensions ['colcon_meta']
[0.250s] Level 1:colcon.colcon_core.package_identification:_identify(MATLAB-env/MATLABFlightDynamics_Working) by extension 'colcon_meta'
[0.250s] Level 1:colcon.colcon_core.package_identification:_identify(MATLAB-env/MATLABFlightDynamics_Working) by extensions ['ros']
[0.250s] Level 1:colcon.colcon_core.package_identification:_identify(MATLAB-env/MATLABFlightDynamics_Working) by extension 'ros'
[0.250s] Level 1:colcon.colcon_core.package_identification:_identify(MATLAB-env/MATLABFlightDynamics_Working) by extensions ['cmake', 'python']
[0.250s] Level 1:colcon.colcon_core.package_identification:_identify(MATLAB-env/MATLABFlightDynamics_Working) by extension 'cmake'
[0.250s] Level 1:colcon.colcon_core.package_identification:_identify(MATLAB-env/MATLABFlightDynamics_Working) by extension 'python'
[0.250s] Level 1:colcon.colcon_core.package_identification:_identify(MATLAB-env/MATLABFlightDynamics_Working) by extensions ['python_setup_py']
[0.250s] Level 1:colcon.colcon_core.package_identification:_identify(MATLAB-env/MATLABFlightDynamics_Working) by extension 'python_setup_py'
[0.251s] Level 1:colcon.colcon_core.package_identification:_identify(MATLAB-env/MATLABFlightDynamics_Working/codegen) by extensions ['ignore', 'ignore_ament_install']
[0.251s] Level 1:colcon.colcon_core.package_identification:_identify(MATLAB-env/MATLABFlightDynamics_Working/codegen) by extension 'ignore'
[0.251s] Level 1:colcon.colcon_core.package_identification:_identify(MATLAB-env/MATLABFlightDynamics_Working/codegen) by extension 'ignore_ament_install'
[0.251s] Level 1:colcon.colcon_core.package_identification:_identify(MATLAB-env/MATLABFlightDynamics_Working/codegen) by extensions ['colcon_pkg']
[0.251s] Level 1:colcon.colcon_core.package_identification:_identify(MATLAB-env/MATLABFlightDynamics_Working/codegen) by extension 'colcon_pkg'
[0.251s] Level 1:colcon.colcon_core.package_identification:_identify(MATLAB-env/MATLABFlightDynamics_Working/codegen) by extensions ['colcon_meta']
[0.251s] Level 1:colcon.colcon_core.package_identification:_identify(MATLAB-env/MATLABFlightDynamics_Working/codegen) by extension 'colcon_meta'
[0.251s] Level 1:colcon.colcon_core.package_identification:_identify(MATLAB-env/MATLABFlightDynamics_Working/codegen) by extensions ['ros']
[0.251s] Level 1:colcon.colcon_core.package_identification:_identify(MATLAB-env/MATLABFlightDynamics_Working/codegen) by extension 'ros'
[0.251s] Level 1:colcon.colcon_core.package_identification:_identify(MATLAB-env/MATLABFlightDynamics_Working/codegen) by extensions ['cmake', 'python']
[0.251s] Level 1:colcon.colcon_core.package_identification:_identify(MATLAB-env/MATLABFlightDynamics_Working/codegen) by extension 'cmake'
[0.251s] Level 1:colcon.colcon_core.package_identification:_identify(MATLAB-env/MATLABFlightDynamics_Working/codegen) by extension 'python'
[0.251s] Level 1:colcon.colcon_core.package_identification:_identify(MATLAB-env/MATLABFlightDynamics_Working/codegen) by extensions ['python_setup_py']
[0.251s] Level 1:colcon.colcon_core.package_identification:_identify(MATLAB-env/MATLABFlightDynamics_Working/codegen) by extension 'python_setup_py'
[0.252s] Level 1:colcon.colcon_core.package_identification:_identify(MATLAB-env/MATLABFlightDynamics_Working/codegen/lib) by extensions ['ignore', 'ignore_ament_install']
[0.252s] Level 1:colcon.colcon_core.package_identification:_identify(MATLAB-env/MATLABFlightDynamics_Working/codegen/lib) by extension 'ignore'
[0.252s] Level 1:colcon.colcon_core.package_identification:_identify(MATLAB-env/MATLABFlightDynamics_Working/codegen/lib) by extension 'ignore_ament_install'
[0.252s] Level 1:colcon.colcon_core.package_identification:_identify(MATLAB-env/MATLABFlightDynamics_Working/codegen/lib) by extensions ['colcon_pkg']
[0.252s] Level 1:colcon.colcon_core.package_identification:_identify(MATLAB-env/MATLABFlightDynamics_Working/codegen/lib) by extension 'colcon_pkg'
[0.252s] Level 1:colcon.colcon_core.package_identification:_identify(MATLAB-env/MATLABFlightDynamics_Working/codegen/lib) by extensions ['colcon_meta']
[0.252s] Level 1:colcon.colcon_core.package_identification:_identify(MATLAB-env/MATLABFlightDynamics_Working/codegen/lib) by extension 'colcon_meta'
[0.252s] Level 1:colcon.colcon_core.package_identification:_identify(MATLAB-env/MATLABFlightDynamics_Working/codegen/lib) by extensions ['ros']
[0.252s] Level 1:colcon.colcon_core.package_identification:_identify(MATLAB-env/MATLABFlightDynamics_Working/codegen/lib) by extension 'ros'
[0.252s] Level 1:colcon.colcon_core.package_identification:_identify(MATLAB-env/MATLABFlightDynamics_Working/codegen/lib) by extensions ['cmake', 'python']
[0.252s] Level 1:colcon.colcon_core.package_identification:_identify(MATLAB-env/MATLABFlightDynamics_Working/codegen/lib) by extension 'cmake'
[0.252s] Level 1:colcon.colcon_core.package_identification:_identify(MATLAB-env/MATLABFlightDynamics_Working/codegen/lib) by extension 'python'
[0.252s] Level 1:colcon.colcon_core.package_identification:_identify(MATLAB-env/MATLABFlightDynamics_Working/codegen/lib) by extensions ['python_setup_py']
[0.252s] Level 1:colcon.colcon_core.package_identification:_identify(MATLAB-env/MATLABFlightDynamics_Working/codegen/lib) by extension 'python_setup_py'
[0.252s] Level 1:colcon.colcon_core.package_identification:_identify(MATLAB-env/MATLABFlightDynamics_Working/codegen/lib/Aerodata) by extensions ['ignore', 'ignore_ament_install']
[0.252s] Level 1:colcon.colcon_core.package_identification:_identify(MATLAB-env/MATLABFlightDynamics_Working/codegen/lib/Aerodata) by extension 'ignore'
[0.252s] Level 1:colcon.colcon_core.package_identification:_identify(MATLAB-env/MATLABFlightDynamics_Working/codegen/lib/Aerodata) by extension 'ignore_ament_install'
[0.252s] Level 1:colcon.colcon_core.package_identification:_identify(MATLAB-env/MATLABFlightDynamics_Working/codegen/lib/Aerodata) by extensions ['colcon_pkg']
[0.253s] Level 1:colcon.colcon_core.package_identification:_identify(MATLAB-env/MATLABFlightDynamics_Working/codegen/lib/Aerodata) by extension 'colcon_pkg'
[0.253s] Level 1:colcon.colcon_core.package_identification:_identify(MATLAB-env/MATLABFlightDynamics_Working/codegen/lib/Aerodata) by extensions ['colcon_meta']
[0.253s] Level 1:colcon.colcon_core.package_identification:_identify(MATLAB-env/MATLABFlightDynamics_Working/codegen/lib/Aerodata) by extension 'colcon_meta'
[0.253s] Level 1:colcon.colcon_core.package_identification:_identify(MATLAB-env/MATLABFlightDynamics_Working/codegen/lib/Aerodata) by extensions ['ros']
[0.253s] Level 1:colcon.colcon_core.package_identification:_identify(MATLAB-env/MATLABFlightDynamics_Working/codegen/lib/Aerodata) by extension 'ros'
[0.253s] Level 1:colcon.colcon_core.package_identification:_identify(MATLAB-env/MATLABFlightDynamics_Working/codegen/lib/Aerodata) by extensions ['cmake', 'python']
[0.253s] Level 1:colcon.colcon_core.package_identification:_identify(MATLAB-env/MATLABFlightDynamics_Working/codegen/lib/Aerodata) by extension 'cmake'
[0.253s] Level 1:colcon.colcon_core.package_identification:_identify(MATLAB-env/MATLABFlightDynamics_Working/codegen/lib/Aerodata) by extension 'python'
[0.253s] Level 1:colcon.colcon_core.package_identification:_identify(MATLAB-env/MATLABFlightDynamics_Working/codegen/lib/Aerodata) by extensions ['python_setup_py']
[0.253s] Level 1:colcon.colcon_core.package_identification:_identify(MATLAB-env/MATLABFlightDynamics_Working/codegen/lib/Aerodata) by extension 'python_setup_py'
[0.253s] Level 1:colcon.colcon_core.package_identification:_identify(MATLAB-env/MATLABFlightDynamics_Working/codegen/lib/Aerodata/examples) by extensions ['ignore', 'ignore_ament_install']
[0.253s] Level 1:colcon.colcon_core.package_identification:_identify(MATLAB-env/MATLABFlightDynamics_Working/codegen/lib/Aerodata/examples) by extension 'ignore'
[0.253s] Level 1:colcon.colcon_core.package_identification:_identify(MATLAB-env/MATLABFlightDynamics_Working/codegen/lib/Aerodata/examples) by extension 'ignore_ament_install'
[0.253s] Level 1:colcon.colcon_core.package_identification:_identify(MATLAB-env/MATLABFlightDynamics_Working/codegen/lib/Aerodata/examples) by extensions ['colcon_pkg']
[0.253s] Level 1:colcon.colcon_core.package_identification:_identify(MATLAB-env/MATLABFlightDynamics_Working/codegen/lib/Aerodata/examples) by extension 'colcon_pkg'
[0.253s] Level 1:colcon.colcon_core.package_identification:_identify(MATLAB-env/MATLABFlightDynamics_Working/codegen/lib/Aerodata/examples) by extensions ['colcon_meta']
[0.253s] Level 1:colcon.colcon_core.package_identification:_identify(MATLAB-env/MATLABFlightDynamics_Working/codegen/lib/Aerodata/examples) by extension 'colcon_meta'
[0.253s] Level 1:colcon.colcon_core.package_identification:_identify(MATLAB-env/MATLABFlightDynamics_Working/codegen/lib/Aerodata/examples) by extensions ['ros']
[0.253s] Level 1:colcon.colcon_core.package_identification:_identify(MATLAB-env/MATLABFlightDynamics_Working/codegen/lib/Aerodata/examples) by extension 'ros'
[0.254s] Level 1:colcon.colcon_core.package_identification:_identify(MATLAB-env/MATLABFlightDynamics_Working/codegen/lib/Aerodata/examples) by extensions ['cmake', 'python']
[0.254s] Level 1:colcon.colcon_core.package_identification:_identify(MATLAB-env/MATLABFlightDynamics_Working/codegen/lib/Aerodata/examples) by extension 'cmake'
[0.254s] Level 1:colcon.colcon_core.package_identification:_identify(MATLAB-env/MATLABFlightDynamics_Working/codegen/lib/Aerodata/examples) by extension 'python'
[0.254s] Level 1:colcon.colcon_core.package_identification:_identify(MATLAB-env/MATLABFlightDynamics_Working/codegen/lib/Aerodata/examples) by extensions ['python_setup_py']
[0.254s] Level 1:colcon.colcon_core.package_identification:_identify(MATLAB-env/MATLABFlightDynamics_Working/codegen/lib/Aerodata/examples) by extension 'python_setup_py'
[0.254s] Level 1:colcon.colcon_core.package_identification:_identify(MATLAB-env/MATLABFlightDynamics_Working/codegen/lib/Aerodata/html) by extensions ['ignore', 'ignore_ament_install']
[0.254s] Level 1:colcon.colcon_core.package_identification:_identify(MATLAB-env/MATLABFlightDynamics_Working/codegen/lib/Aerodata/html) by extension 'ignore'
[0.254s] Level 1:colcon.colcon_core.package_identification:_identify(MATLAB-env/MATLABFlightDynamics_Working/codegen/lib/Aerodata/html) by extension 'ignore_ament_install'
[0.254s] Level 1:colcon.colcon_core.package_identification:_identify(MATLAB-env/MATLABFlightDynamics_Working/codegen/lib/Aerodata/html) by extensions ['colcon_pkg']
[0.254s] Level 1:colcon.colcon_core.package_identification:_identify(MATLAB-env/MATLABFlightDynamics_Working/codegen/lib/Aerodata/html) by extension 'colcon_pkg'
[0.254s] Level 1:colcon.colcon_core.package_identification:_identify(MATLAB-env/MATLABFlightDynamics_Working/codegen/lib/Aerodata/html) by extensions ['colcon_meta']
[0.254s] Level 1:colcon.colcon_core.package_identification:_identify(MATLAB-env/MATLABFlightDynamics_Working/codegen/lib/Aerodata/html) by extension 'colcon_meta'
[0.254s] Level 1:colcon.colcon_core.package_identification:_identify(MATLAB-env/MATLABFlightDynamics_Working/codegen/lib/Aerodata/html) by extensions ['ros']
[0.254s] Level 1:colcon.colcon_core.package_identification:_identify(MATLAB-env/MATLABFlightDynamics_Working/codegen/lib/Aerodata/html) by extension 'ros'
[0.255s] Level 1:colcon.colcon_core.package_identification:_identify(MATLAB-env/MATLABFlightDynamics_Working/codegen/lib/Aerodata/html) by extensions ['cmake', 'python']
[0.255s] Level 1:colcon.colcon_core.package_identification:_identify(MATLAB-env/MATLABFlightDynamics_Working/codegen/lib/Aerodata/html) by extension 'cmake'
[0.255s] Level 1:colcon.colcon_core.package_identification:_identify(MATLAB-env/MATLABFlightDynamics_Working/codegen/lib/Aerodata/html) by extension 'python'
[0.255s] Level 1:colcon.colcon_core.package_identification:_identify(MATLAB-env/MATLABFlightDynamics_Working/codegen/lib/Aerodata/html) by extensions ['python_setup_py']
[0.255s] Level 1:colcon.colcon_core.package_identification:_identify(MATLAB-env/MATLABFlightDynamics_Working/codegen/lib/Aerodata/html) by extension 'python_setup_py'
[0.255s] Level 1:colcon.colcon_core.package_identification:_identify(MATLAB-env/MATLABFlightDynamics_Working/codegen/lib/Aerodata/interface) by extensions ['ignore', 'ignore_ament_install']
[0.255s] Level 1:colcon.colcon_core.package_identification:_identify(MATLAB-env/MATLABFlightDynamics_Working/codegen/lib/Aerodata/interface) by extension 'ignore'
[0.255s] Level 1:colcon.colcon_core.package_identification:_identify(MATLAB-env/MATLABFlightDynamics_Working/codegen/lib/Aerodata/interface) by extension 'ignore_ament_install'
[0.255s] Level 1:colcon.colcon_core.package_identification:_identify(MATLAB-env/MATLABFlightDynamics_Working/codegen/lib/Aerodata/interface) by extensions ['colcon_pkg']
[0.255s] Level 1:colcon.colcon_core.package_identification:_identify(MATLAB-env/MATLABFlightDynamics_Working/codegen/lib/Aerodata/interface) by extension 'colcon_pkg'
[0.255s] Level 1:colcon.colcon_core.package_identification:_identify(MATLAB-env/MATLABFlightDynamics_Working/codegen/lib/Aerodata/interface) by extensions ['colcon_meta']
[0.255s] Level 1:colcon.colcon_core.package_identification:_identify(MATLAB-env/MATLABFlightDynamics_Working/codegen/lib/Aerodata/interface) by extension 'colcon_meta'
[0.255s] Level 1:colcon.colcon_core.package_identification:_identify(MATLAB-env/MATLABFlightDynamics_Working/codegen/lib/Aerodata/interface) by extensions ['ros']
[0.255s] Level 1:colcon.colcon_core.package_identification:_identify(MATLAB-env/MATLABFlightDynamics_Working/codegen/lib/Aerodata/interface) by extension 'ros'
[0.255s] Level 1:colcon.colcon_core.package_identification:_identify(MATLAB-env/MATLABFlightDynamics_Working/codegen/lib/Aerodata/interface) by extensions ['cmake', 'python']
[0.255s] Level 1:colcon.colcon_core.package_identification:_identify(MATLAB-env/MATLABFlightDynamics_Working/codegen/lib/Aerodata/interface) by extension 'cmake'
[0.255s] Level 1:colcon.colcon_core.package_identification:_identify(MATLAB-env/MATLABFlightDynamics_Working/codegen/lib/Aerodata/interface) by extension 'python'
[0.255s] Level 1:colcon.colcon_core.package_identification:_identify(MATLAB-env/MATLABFlightDynamics_Working/codegen/lib/Aerodata/interface) by extensions ['python_setup_py']
[0.255s] Level 1:colcon.colcon_core.package_identification:_identify(MATLAB-env/MATLABFlightDynamics_Working/codegen/lib/Aerodata/interface) by extension 'python_setup_py'
[0.255s] Level 1:colcon.colcon_core.package_identification:_identify(MATLAB-env/MATLABFlightDynamics_Working/codegen/mex) by extensions ['ignore', 'ignore_ament_install']
[0.256s] Level 1:colcon.colcon_core.package_identification:_identify(MATLAB-env/MATLABFlightDynamics_Working/codegen/mex) by extension 'ignore'
[0.256s] Level 1:colcon.colcon_core.package_identification:_identify(MATLAB-env/MATLABFlightDynamics_Working/codegen/mex) by extension 'ignore_ament_install'
[0.256s] Level 1:colcon.colcon_core.package_identification:_identify(MATLAB-env/MATLABFlightDynamics_Working/codegen/mex) by extensions ['colcon_pkg']
[0.256s] Level 1:colcon.colcon_core.package_identification:_identify(MATLAB-env/MATLABFlightDynamics_Working/codegen/mex) by extension 'colcon_pkg'
[0.256s] Level 1:colcon.colcon_core.package_identification:_identify(MATLAB-env/MATLABFlightDynamics_Working/codegen/mex) by extensions ['colcon_meta']
[0.256s] Level 1:colcon.colcon_core.package_identification:_identify(MATLAB-env/MATLABFlightDynamics_Working/codegen/mex) by extension 'colcon_meta'
[0.256s] Level 1:colcon.colcon_core.package_identification:_identify(MATLAB-env/MATLABFlightDynamics_Working/codegen/mex) by extensions ['ros']
[0.256s] Level 1:colcon.colcon_core.package_identification:_identify(MATLAB-env/MATLABFlightDynamics_Working/codegen/mex) by extension 'ros'
[0.256s] Level 1:colcon.colcon_core.package_identification:_identify(MATLAB-env/MATLABFlightDynamics_Working/codegen/mex) by extensions ['cmake', 'python']
[0.256s] Level 1:colcon.colcon_core.package_identification:_identify(MATLAB-env/MATLABFlightDynamics_Working/codegen/mex) by extension 'cmake'
[0.256s] Level 1:colcon.colcon_core.package_identification:_identify(MATLAB-env/MATLABFlightDynamics_Working/codegen/mex) by extension 'python'
[0.256s] Level 1:colcon.colcon_core.package_identification:_identify(MATLAB-env/MATLABFlightDynamics_Working/codegen/mex) by extensions ['python_setup_py']
[0.256s] Level 1:colcon.colcon_core.package_identification:_identify(MATLAB-env/MATLABFlightDynamics_Working/codegen/mex) by extension 'python_setup_py'
[0.256s] Level 1:colcon.colcon_core.package_identification:_identify(MATLAB-env/MATLABFlightDynamics_Working/codegen/mex/Aerodata) by extensions ['ignore', 'ignore_ament_install']
[0.256s] Level 1:colcon.colcon_core.package_identification:_identify(MATLAB-env/MATLABFlightDynamics_Working/codegen/mex/Aerodata) by extension 'ignore'
[0.256s] Level 1:colcon.colcon_core.package_identification:_identify(MATLAB-env/MATLABFlightDynamics_Working/codegen/mex/Aerodata) by extension 'ignore_ament_install'
[0.257s] Level 1:colcon.colcon_core.package_identification:_identify(MATLAB-env/MATLABFlightDynamics_Working/codegen/mex/Aerodata) by extensions ['colcon_pkg']
[0.257s] Level 1:colcon.colcon_core.package_identification:_identify(MATLAB-env/MATLABFlightDynamics_Working/codegen/mex/Aerodata) by extension 'colcon_pkg'
[0.257s] Level 1:colcon.colcon_core.package_identification:_identify(MATLAB-env/MATLABFlightDynamics_Working/codegen/mex/Aerodata) by extensions ['colcon_meta']
[0.257s] Level 1:colcon.colcon_core.package_identification:_identify(MATLAB-env/MATLABFlightDynamics_Working/codegen/mex/Aerodata) by extension 'colcon_meta'
[0.257s] Level 1:colcon.colcon_core.package_identification:_identify(MATLAB-env/MATLABFlightDynamics_Working/codegen/mex/Aerodata) by extensions ['ros']
[0.257s] Level 1:colcon.colcon_core.package_identification:_identify(MATLAB-env/MATLABFlightDynamics_Working/codegen/mex/Aerodata) by extension 'ros'
[0.257s] Level 1:colcon.colcon_core.package_identification:_identify(MATLAB-env/MATLABFlightDynamics_Working/codegen/mex/Aerodata) by extensions ['cmake', 'python']
[0.257s] Level 1:colcon.colcon_core.package_identification:_identify(MATLAB-env/MATLABFlightDynamics_Working/codegen/mex/Aerodata) by extension 'cmake'
[0.257s] Level 1:colcon.colcon_core.package_identification:_identify(MATLAB-env/MATLABFlightDynamics_Working/codegen/mex/Aerodata) by extension 'python'
[0.257s] Level 1:colcon.colcon_core.package_identification:_identify(MATLAB-env/MATLABFlightDynamics_Working/codegen/mex/Aerodata) by extensions ['python_setup_py']
[0.257s] Level 1:colcon.colcon_core.package_identification:_identify(MATLAB-env/MATLABFlightDynamics_Working/codegen/mex/Aerodata) by extension 'python_setup_py'
[0.257s] Level 1:colcon.colcon_core.package_identification:_identify(MATLAB-env/MATLABFlightDynamics_Working/codegen/mex/Aerodata/html) by extensions ['ignore', 'ignore_ament_install']
[0.257s] Level 1:colcon.colcon_core.package_identification:_identify(MATLAB-env/MATLABFlightDynamics_Working/codegen/mex/Aerodata/html) by extension 'ignore'
[0.257s] Level 1:colcon.colcon_core.package_identification:_identify(MATLAB-env/MATLABFlightDynamics_Working/codegen/mex/Aerodata/html) by extension 'ignore_ament_install'
[0.258s] Level 1:colcon.colcon_core.package_identification:_identify(MATLAB-env/MATLABFlightDynamics_Working/codegen/mex/Aerodata/html) by extensions ['colcon_pkg']
[0.258s] Level 1:colcon.colcon_core.package_identification:_identify(MATLAB-env/MATLABFlightDynamics_Working/codegen/mex/Aerodata/html) by extension 'colcon_pkg'
[0.258s] Level 1:colcon.colcon_core.package_identification:_identify(MATLAB-env/MATLABFlightDynamics_Working/codegen/mex/Aerodata/html) by extensions ['colcon_meta']
[0.258s] Level 1:colcon.colcon_core.package_identification:_identify(MATLAB-env/MATLABFlightDynamics_Working/codegen/mex/Aerodata/html) by extension 'colcon_meta'
[0.258s] Level 1:colcon.colcon_core.package_identification:_identify(MATLAB-env/MATLABFlightDynamics_Working/codegen/mex/Aerodata/html) by extensions ['ros']
[0.258s] Level 1:colcon.colcon_core.package_identification:_identify(MATLAB-env/MATLABFlightDynamics_Working/codegen/mex/Aerodata/html) by extension 'ros'
[0.258s] Level 1:colcon.colcon_core.package_identification:_identify(MATLAB-env/MATLABFlightDynamics_Working/codegen/mex/Aerodata/html) by extensions ['cmake', 'python']
[0.258s] Level 1:colcon.colcon_core.package_identification:_identify(MATLAB-env/MATLABFlightDynamics_Working/codegen/mex/Aerodata/html) by extension 'cmake'
[0.258s] Level 1:colcon.colcon_core.package_identification:_identify(MATLAB-env/MATLABFlightDynamics_Working/codegen/mex/Aerodata/html) by extension 'python'
[0.258s] Level 1:colcon.colcon_core.package_identification:_identify(MATLAB-env/MATLABFlightDynamics_Working/codegen/mex/Aerodata/html) by extensions ['python_setup_py']
[0.258s] Level 1:colcon.colcon_core.package_identification:_identify(MATLAB-env/MATLABFlightDynamics_Working/codegen/mex/Aerodata/html) by extension 'python_setup_py'
[0.259s] Level 1:colcon.colcon_core.package_identification:_identify(log) by extensions ['ignore', 'ignore_ament_install']
[0.259s] Level 1:colcon.colcon_core.package_identification:_identify(log) by extension 'ignore'
[0.259s] Level 1:colcon.colcon_core.package_identification:_identify(log) ignored
[0.259s] Level 1:colcon.colcon_core.package_discovery:discover_packages(recursive) using defaults
[0.259s] Level 1:colcon.colcon_core.package_discovery:discover_packages(ignore) discover
[0.259s] Level 1:colcon.colcon_core.package_discovery:discover_packages(ignore) using defaults
[0.259s] Level 1:colcon.colcon_core.package_discovery:discover_packages(path) discover
[0.259s] Level 1:colcon.colcon_core.package_discovery:discover_packages(path) using defaults
